Start running python
Started running
Arranging GTEx data
querying 1-1000...done.
querying 1001-2000...done.
querying 2001-3000...done.
querying 3001-4000...done.
querying 4001-5000...done.
querying 5001-6000...done.
querying 6001-7000...done.
querying 7001-8000...done.
querying 8001-9000...done.
querying 9001-10000...done.
querying 10001-11000...done.
querying 11001-12000...done.
querying 12001-13000...done.
querying 13001-14000...done.
querying 14001-15000...done.
querying 15001-16000...done.
querying 16001-17000...done.
querying 17001-18000...done.
querying 18001-19000...done.
querying 19001-20000...done.
querying 20001-21000...done.
querying 21001-22000...done.
querying 22001-23000...done.
querying 23001-24000...done.
querying 24001-25000...done.
querying 25001-26000...done.
querying 26001-27000...done.
querying 27001-28000...done.
querying 28001-29000...done.
querying 29001-30000...done.
querying 30001-31000...done.
querying 31001-32000...done.
querying 32001-32767...done.
Finished.
4 input query terms found dup hits:
	[('ENSG00000229425', 2), ('ENSG00000249738', 2), ('ENSG00000260788', 2), ('ENSG00000268674', 4)]
1611 input query terms found no hit:
	['ENSG00000005955', 'ENSG00000006074', 'ENSG00000006075', 'ENSG00000006114', 'ENSG00000017373', 'ENS
Pass "returnall=True" to return complete lists of duplicate or missing query terms.
Preparing omnipath data
simulating networks
0.7
Traceback (most recent call last):
  File "03d_network_stats_per_threshold.py", line 83, in <module>
    plt.savefig('plots/03-LR_network_visualisation/03d_network_stats_per_threshold/hist_distribution_%s.png' % reslist[res], dpi=150)
  File "/camp/lab/gandhis/home/users/grantpm/.conda/envs/panpipes/lib/python3.8/site-packages/matplotlib/pyplot.py", line 979, in savefig
    res = fig.savefig(*args, **kwargs)
  File "/camp/lab/gandhis/home/users/grantpm/.conda/envs/panpipes/lib/python3.8/site-packages/matplotlib/figure.py", line 3046, in savefig
    self.canvas.print_figure(fname, **kwargs)
  File "/camp/lab/gandhis/home/users/grantpm/.conda/envs/panpipes/lib/python3.8/site-packages/matplotlib/backend_bases.py", line 2319, in print_figure
    result = print_method(
  File "/camp/lab/gandhis/home/users/grantpm/.conda/envs/panpipes/lib/python3.8/site-packages/matplotlib/backend_bases.py", line 1648, in wrapper
    return func(*args, **kwargs)
  File "/camp/lab/gandhis/home/users/grantpm/.conda/envs/panpipes/lib/python3.8/site-packages/matplotlib/_api/deprecation.py", line 415, in wrapper
    return func(*inner_args, **inner_kwargs)
  File "/camp/lab/gandhis/home/users/grantpm/.conda/envs/panpipes/lib/python3.8/site-packages/matplotlib/backends/backend_agg.py", line 541, in print_png
    mpl.image.imsave(
  File "/camp/lab/gandhis/home/users/grantpm/.conda/envs/panpipes/lib/python3.8/site-packages/matplotlib/image.py", line 1675, in imsave
    image.save(fname, **pil_kwargs)
  File "/camp/lab/gandhis/home/users/grantpm/.conda/envs/panpipes/lib/python3.8/site-packages/PIL/Image.py", line 2297, in save
    fp = builtins.open(filename, "w+b")
FileNotFoundError: [Errno 2] No such file or directory: 'plots/03-LR_network_visualisation/03d_network_stats_per_threshold/hist_distribution_0.7.png'
